<?xml version="1.0" encoding="UTF-8"?>
<testsuite xmlns:xsi="http://www.w3.org/2001/XMLSchema-instance" xsi:noNamespaceSchemaLocation="https://maven.apache.org/surefire/maven-surefire-plugin/xsd/surefire-test-report.xsd" version="3.0.2" name="com.example.baseline.utils.config.YamlConfigLoaderTest" time="0.14" tests="3" errors="0" skipped="0" failures="0">
  <properties>
[...]
</properties>
  <testcase name="rejectsMissingConfigurationResource" classname="com.example.baseline.utils.config.YamlConfigLoaderTest" time="0.018"/>
  <testcase name="validatesConfigurationValues" classname="com.example.baseline.utils.config.YamlConfigLoaderTest" time="0.014"/>
  <testcase name="loadsClasspathApplicationConfiguration" classname="com.example.baseline.utils.config.YamlConfigLoaderTest" time="0.102"/>
</testsuite>